#
# There is insufficient memory for the Java Runtime Environment to continue.
# Native memory allocation (malloc) failed to allocate 767216 bytes for Chunk::new
# Possible reasons:
#   The system is out of physical RAM or swap space
#   In 32 bit mode, the process size limit was hit
# Possible solutions:
#   Reduce memory load on the system
#   Increase physical memory or swap space
#   Check if swap backing store is full
#   Use 64 bit Java on a 64 bit OS
#   Decrease Java heap size (-Xmx/-Xms)
#   Decrease number of Java threads
#   Decrease Java thread stack sizes (-Xss)
#   Set larger code cache with -XX:ReservedCodeCacheSize=
# This output file may be truncated or incomplete.
#
#  Out of Memory Error (allocation.cpp:390), pid=16348, tid=0x0000000000003b0c
#
# JRE version: OpenJDK Runtime Environment (8.0_152-b02) (build 1.8.0_152-release-1024-b02)
# Java VM: OpenJDK 64-Bit Server VM (25.152-b02 mixed mode windows-amd64 compressed oops)
# Failed to write core dump. Minidumps are not enabled by default on client versions of Windows
#

---------------  T H R E A D  ---------------

Current thread (0x0000000015dd9800):  JavaThread "C2 CompilerThread0" daemon [_thread_in_native, id=15116, stack(0x0000000017450000,0x0000000017550000)]

Stack: [0x0000000017450000,0x0000000017550000]
[error occurred during error reporting (printing stack bounds), id 0xc0000005]

Native frames: (J=compiled Java code, j=interpreted, Vv=VM code, C=native code)


Current CompileTask:
C2:4786779 24874       4       org.gradle.api.internal.artifacts.transform.DefaultArtifactTransforms$ArtifactTransformingVisitor::visitArtifact (175 bytes)


---------------  P R O C E S S  ---------------

Java Threads: ( => current thread )
  0x000000001ab14800 JavaThread "Task worker for ':' Thread 3" [_thread_blocked, id=14852, stack(0x0000000055750000,0x0000000055850000)]
  0x000000001b4f4000 JavaThread "Task worker for ':' Thread 2" [_thread_in_Java, id=11844, stack(0x0000000055650000,0x0000000055750000)]
  0x000000001b4f5000 JavaThread "Task worker for ':'" [_thread_blocked, id=1156, stack(0x0000000055550000,0x0000000055650000)]
  0x000000001b4f2800 JavaThread "Cache worker for Build Output Cleanup Cache (C:\Users\Konstantinos\AndroidStudioProjects\NewsApp\.gradle\buildOutputCleanup)" [_thread_blocked, id=3500, stack(0x0000000055450000,0x0000000055550000)]
  0x000000001b4f8000 JavaThread "Cache worker for task history cache (C:\Users\Konstantinos\AndroidStudioProjects\NewsApp\.gradle\4.4\taskHistory)" [_thread_blocked, id=1960, stack(0x0000000055350000,0x0000000055450000)]
  0x000000001b4f7000 JavaThread "Cache worker for file content cache (C:\Users\Konstantinos\AndroidStudioProjects\NewsApp\.gradle\4.4\fileContent)" [_thread_blocked, id=17124, stack(0x0000000055250000,0x0000000055350000)]
  0x000000001b4eb000 JavaThread "build operations Thread 4" [_thread_blocked, id=18312, stack(0x0000000055150000,0x0000000055250000)]
  0x000000001b4ea800 JavaThread "build operations Thread 3" [_thread_blocked, id=13740, stack(0x0000000055050000,0x0000000055150000)]
  0x000000001b4f1000 JavaThread "build operations Thread 2" [_thread_blocked, id=7640, stack(0x0000000054f50000,0x0000000055050000)]
  0x000000001b4e9800 JavaThread "build operations" [_thread_blocked, id=14788, stack(0x0000000054e50000,0x0000000054f50000)]
  0x000000001b4f0800 JavaThread "Cache worker for Artifact transforms cache (C:\Users\Konstantinos\.gradle\caches\transforms-1)" [_thread_blocked, id=11684, stack(0x0000000054d50000,0x0000000054e50000)]
  0x000000001b4ef800 JavaThread "Cache worker for file hash cache (C:\Users\Konstantinos\AndroidStudioProjects\NewsApp\.gradle\4.4\fileHashes)" [_thread_blocked, id=10396, stack(0x0000000054c50000,0x0000000054d50000)]
  0x000000001b4ee000 JavaThread "Stdin handler" [_thread_blocked, id=12360, stack(0x0000000054b50000,0x0000000054c50000)]
  0x000000001b4ed800 JavaThread "Asynchronous log dispatcher for DefaultDaemonConnection: socket connection from /127.0.0.1:64932 to /127.0.0.1:51988" [_thread_blocked, id=17692, stack(0x0000000054a50000,0x0000000054b50000)]
  0x000000001b4ec000 JavaThread "Cancel handler" [_thread_blocked, id=15004, stack(0x0000000054950000,0x0000000054a50000)]
  0x000000001b4e9000 JavaThread "Handler for socket connection from /127.0.0.1:64932 to /127.0.0.1:51988" [_thread_in_native, id=17752, stack(0x0000000054850000,0x0000000054950000)]
  0x000000001ab11000 JavaThread "Daemon worker Thread 5" [_thread_blocked, id=12684, stack(0x0000000032130000,0x0000000032230000)]
  0x000000001ab16000 JavaThread "Daemon Thread 5" [_thread_blocked, id=16816, stack(0x0000000031e30000,0x0000000031f30000)]
  0x000000001ed3b800 JavaThread "Java2D Disposer" daemon [_thread_blocked, id=15756, stack(0x0000000025930000,0x0000000025a30000)]
  0x000000001ab15800 JavaThread "Memory manager" [_thread_blocked, id=6780, stack(0x0000000021c90000,0x0000000021d90000)]
  0x00000000191c2000 JavaThread "File lock request listener" [_thread_in_native, id=16252, stack(0x000000001a8a0000,0x000000001a9a0000)]
  0x00000000190a6800 JavaThread "Cache worker for file hash cache (C:\Users\Konstantinos\.gradle\caches\4.4\fileHashes)" [_thread_blocked, id=10144, stack(0x000000001a7a0000,0x000000001a8a0000)]
  0x0000000018c02000 JavaThread "Daemon periodic checks" [_thread_blocked, id=8972, stack(0x0000000019ca0000,0x0000000019da0000)]
  0x0000000018bfe000 JavaThread "Incoming local TCP Connector on port 64932" [_thread_in_native, id=14684, stack(0x0000000019a60000,0x0000000019b60000)]
  0x000000001777e000 JavaThread "Service Thread" daemon [_thread_blocked, id=18096, stack(0x0000000017b50000,0x0000000017c50000)]
  0x0000000015de0800 JavaThread "C1 CompilerThread2" daemon [_thread_blocked, id=10496, stack(0x0000000017650000,0x0000000017750000)]
  0x0000000015ddd800 JavaThread "C2 CompilerThread1" daemon [_thread_in_native, id=9304, stack(0x0000000017550000,0x0000000017650000)]
=>0x0000000015dd9800 JavaThread "C2 CompilerThread0" daemon [_thread_in_native, id=15116, stack(0x0000000017450000,0x0000000017550000)]
  0x0000000015de9000 JavaThread "Attach Listener" daemon [_thread_blocked, id=16664, stack(0x0000000017350000,0x0000000017450000)]
  0x0000000015de5800 JavaThread "Signal Dispatcher" daemon [_thread_blocked, id=16396, stack(0x0000000017250000,0x0000000017350000)]
  0x000000000242d000 JavaThread "Finalizer" daemon [_thread_blocked, id=11936, stack(0x0000000017060000,0x0000000017160000)]
  0x0000000002422000 JavaThread "Reference Handler" daemon [_thread_blocked, id=5232, stack(0x0000000016f60000,0x0000000017060000)]
  0x000000000246e000 JavaThread "main" [_thread_blocked, id=13036, stack(0x0000000002200000,0x0000000002300000)]

Other Threads:
  0x0000000015da5800 VMThread [stack: 0x0000000016e60000,0x0000000016f60000] [id=4404]
  0x0000000015e3e800 WatcherThread [stack: 0x0000000017c50000,0x0000000017d50000] [id=12132]

VM state:not at safepoint (normal execution)

VM Mutex/Monitor currently owned by a thread: None

Heap:
 PSYoungGen      total 465920K, used 282116K [0x00000000e0000000, 0x00000000ffb80000, 0x0000000100000000)
  eden space 413184K, 67% used [0x00000000e0000000,0x00000000f0fdcb10,0x00000000f9380000)
  from space 52736K, 7% used [0x00000000f9380000,0x00000000f9724628,0x00000000fc700000)
  to   space 51200K, 0% used [0x00000000fc980000,0x00000000fc980000,0x00000000ffb80000)
 ParOldGen       total 187904K, used 62126K [0x00000000a0000000, 0x00000000ab780000, 0x00000000e0000000)
  object space 187904K, 33% used [0x00000000a0000000,0x00000000a3cab9d8,0x00000000ab780000)
 Metaspace       used 94578K, capacity 99174K, committed 99712K, reserved 1136640K
  class space    used 11775K, capacity 12708K, committed 12928K, reserved 1048576K

Card table byte_map: [0x0000000011830000,0x0000000011b40000] byte_map_base: 0x0000000011330000

Marking Bits: (ParMarkBitMap*) 0x0000000051d74970
 Begin Bits: [0x0000000012140000, 0x0000000013940000)
 End Bits:   [0x0000000013940000, 0x0000000015140000)

Polling page: 0x00000000001d0000

CodeCache: size=245760Kb used=66849Kb max_used=66862Kb free=178910Kb
 bounds [0x0000000002470000, 0x0000000006630000, 0x0000000011470000]
 total_blobs=20437 nmethods=19447 adapters=900
 compilation: enabled

Compilation events (10 events):
Event: 4785.824 Thread 0x0000000015de0800 24870       3       org.gradle.util.DiffUtil::diff (114 bytes)
Event: 4785.824 Thread 0x0000000015de0800 nmethod 24870 0x0000000005850990 code [0x0000000005850c40, 0x0000000005851cb8]
Event: 4785.834 Thread 0x0000000015dd9800 nmethod 24867 0x0000000005b95c50 code [0x0000000005b95e80, 0x0000000005b96da8]
Event: 4785.853 Thread 0x0000000015de0800 24871   !   3       org.gradle.internal.progress.DefaultBuildOperationExecutor::runAll (37 bytes)
Event: 4785.853 Thread 0x0000000015de0800 nmethod 24871 0x0000000005b68b50 code [0x0000000005b68d00, 0x0000000005b691d8]
Event: 4785.907 Thread 0x0000000015dd9800 24872       4       com.google.common.collect.EmptyImmutableSet::iterator (5 bytes)
Event: 4785.908 Thread 0x0000000015dd9800 nmethod 24872 0x00000000052e09d0 code [0x00000000052e0b00, 0x00000000052e0b78]
Event: 4785.936 Thread 0x0000000015dd9800 24873       4       org.gradle.api.internal.file.CompositeFileCollection::getSourceCollections (25 bytes)
Event: 4785.942 Thread 0x0000000015dd9800 nmethod 24873 0x00000000057fce90 code [0x00000000057fd060, 0x00000000057fd6c8]
Event: 4785.949 Thread 0x0000000015dd9800 24874       4       org.gradle.api.internal.artifacts.transform.DefaultArtifactTransforms$ArtifactTransformingVisitor::visitArtifact (175 bytes)

GC Heap History (10 events):
Event: 4686.083 GC heap before
{Heap before GC invocations=33 (full 3):
 PSYoungGen      total 442368K, used 268923K [0x00000000e0000000, 0x0000000100000000, 0x0000000100000000)
  eden space 386048K, 69% used [0x00000000e0000000,0x00000000f0606d08,0x00000000f7900000)
  from space 56320K, 1% used [0x00000000f7900000,0x00000000f7998000,0x00000000fb000000)
  to   space 56832K, 0% used [0x00000000fc880000,0x00000000fc880000,0x0000000100000000)
 ParOldGen       total 136704K, used 88894K [0x00000000a0000000, 0x00000000a8580000, 0x00000000e0000000)
  object space 136704K, 65% used [0x00000000a0000000,0x00000000a56cfb20,0x00000000a8580000)
 Metaspace       used 93499K, capacity 98170K, committed 98304K, reserved 1134592K
  class space    used 11749K, capacity 12715K, committed 12800K, reserved 1048576K
Event: 4686.090 GC heap after
Heap after GC invocations=33 (full 3):
 PSYoungGen      total 467456K, used 2733K [0x00000000e0000000, 0x00000000fff80000, 0x0000000100000000)
  eden space 411136K, 0% used [0x00000000e0000000,0x00000000e0000000,0x00000000f9180000)
  from space 56320K, 4% used [0x00000000fc880000,0x00000000fcb2b410,0x00000000fff80000)
  to   space 56320K, 0% used [0x00000000f9180000,0x00000000f9180000,0x00000000fc880000)
 ParOldGen       total 136704K, used 88958K [0x00000000a0000000, 0x00000000a8580000, 0x00000000e0000000)
  object space 136704K, 65% used [0x00000000a0000000,0x00000000a56dfb20,0x00000000a8580000)
 Metaspace       used 93499K, capacity 98170K, committed 98304K, reserved 1134592K
  class space    used 11749K, capacity 12715K, committed 12800K, reserved 1048576K
}
Event: 4686.090 GC heap before
{Heap before GC invocations=34 (full 4):
 PSYoungGen      total 467456K, used 2733K [0x00000000e0000000, 0x00000000fff80000, 0x0000000100000000)
  eden space 411136K, 0% used [0x00000000e0000000,0x00000000e0000000,0x00000000f9180000)
  from space 56320K, 4% used [0x00000000fc880000,0x00000000fcb2b410,0x00000000fff80000)
  to   space 56320K, 0% used [0x00000000f9180000,0x00000000f9180000,0x00000000fc880000)
 ParOldGen       total 136704K, used 88958K [0x00000000a0000000, 0x00000000a8580000, 0x00000000e0000000)
  object space 136704K, 65% used [0x00000000a0000000,0x00000000a56dfb20,0x00000000a8580000)
 Metaspace       used 93499K, capacity 98170K, committed 98304K, reserved 1134592K
  class space    used 11749K, capacity 12715K, committed 12800K, reserved 1048576K
Event: 4686.359 GC heap after
Heap after GC invocations=34 (full 4):
 PSYoungGen      total 467456K, used 0K [0x00000000e0000000, 0x00000000fff80000, 0x0000000100000000)
  eden space 411136K, 0% used [0x00000000e0000000,0x00000000e0000000,0x00000000f9180000)
  from space 56320K, 0% used [0x00000000fc880000,0x00000000fc880000,0x00000000fff80000)
  to   space 56320K, 0% used [0x00000000f9180000,0x00000000f9180000,0x00000000fc880000)
 ParOldGen       total 187904K, used 56069K [0x00000000a0000000, 0x00000000ab780000, 0x00000000e0000000)
  object space 187904K, 29% used [0x00000000a0000000,0x00000000a36c1728,0x00000000ab780000)
 Metaspace       used 92408K, capacity 96224K, committed 98304K, reserved 1134592K
  class space    used 11507K, capacity 12309K, committed 12800K, reserved 1048576K
}
Event: 4720.624 GC heap before
{Heap before GC invocations=35 (full 4):
 PSYoungGen      total 467456K, used 411136K [0x00000000e0000000, 0x00000000fff80000, 0x0000000100000000)
  eden space 411136K, 100% used [0x00000000e0000000,0x00000000f9180000,0x00000000f9180000)
  from space 56320K, 0% used [0x00000000fc880000,0x00000000fc880000,0x00000000fff80000)
  to   space 56320K, 0% used [0x00000000f9180000,0x00000000f9180000,0x00000000fc880000)
 ParOldGen       total 187904K, used 56069K [0x00000000a0000000, 0x00000000ab780000, 0x00000000e0000000)
  object space 187904K, 29% used [0x00000000a0000000,0x00000000a36c1728,0x00000000ab780000)
 Metaspace       used 93684K, capacity 98016K, committed 99200K, reserved 1136640K
  class space    used 11714K, capacity 12603K, committed 12928K, reserved 1048576K
Event: 4720.637 GC heap after
Heap after GC invocations=35 (full 4):
 PSYoungGen      total 420864K, used 9589K [0x00000000e0000000, 0x00000000ffc00000, 0x0000000100000000)
  eden space 411136K, 0% used [0x00000000e0000000,0x00000000e0000000,0x00000000f9180000)
  from space 9728K, 98% used [0x00000000f9180000,0x00000000f9add748,0x00000000f9b00000)
  to   space 54272K, 0% used [0x00000000fc700000,0x00000000fc700000,0x00000000ffc00000)
 ParOldGen       total 187904K, used 56077K [0x00000000a0000000, 0x00000000ab780000, 0x00000000e0000000)
  object space 187904K, 29% used [0x00000000a0000000,0x00000000a36c3728,0x00000000ab780000)
 Metaspace       used 93684K, capacity 98016K, committed 99200K, reserved 1136640K
  class space    used 11714K, capacity 12603K, committed 12928K, reserved 1048576K
}
Event: 4741.050 GC heap before
{Heap before GC invocations=36 (full 4):
 PSYoungGen      total 420864K, used 420351K [0x00000000e0000000, 0x00000000ffc00000, 0x0000000100000000)
  eden space 411136K, 99% used [0x00000000e0000000,0x00000000f9122700,0x00000000f9180000)
  from space 9728K, 98% used [0x00000000f9180000,0x00000000f9add748,0x00000000f9b00000)
  to   space 54272K, 0% used [0x00000000fc700000,0x00000000fc700000,0x00000000ffc00000)
 ParOldGen       total 187904K, used 56077K [0x00000000a0000000, 0x00000000ab780000, 0x00000000e0000000)
  object space 187904K, 29% used [0x00000000a0000000,0x00000000a36c3728,0x00000000ab780000)
 Metaspace       used 94230K, capacity 98870K, committed 99456K, reserved 1136640K
  class space    used 11769K, capacity 12702K, committed 12928K, reserved 1048576K
Event: 4741.060 GC heap after
Heap after GC invocations=36 (full 4):
 PSYoungGen      total 467456K, used 6541K [0x00000000e0000000, 0x0000000100000000, 0x0000000100000000)
  eden space 413184K, 0% used [0x00000000e0000000,0x00000000e0000000,0x00000000f9380000)
  from space 54272K, 12% used [0x00000000fc700000,0x00000000fcd634a8,0x00000000ffc00000)
  to   space 52736K, 0% used [0x00000000f9380000,0x00000000f9380000,0x00000000fc700000)
 ParOldGen       total 187904K, used 57631K [0x00000000a0000000, 0x00000000ab780000, 0x00000000e0000000)
  object space 187904K, 30% used [0x00000000a0000000,0x00000000a3847f40,0x00000000ab780000)
 Metaspace       used 94230K, capacity 98870K, committed 99456K, reserved 1136640K
  class space    used 11769K, capacity 12702K, committed 12928K, reserved 1048576K
}
Event: 4748.398 GC heap before
{Heap before GC invocations=37 (full 4):
 PSYoungGen      total 467456K, used 419473K [0x00000000e0000000, 0x0000000100000000, 0x0000000100000000)
  eden space 413184K, 99% used [0x00000000e0000000,0x00000000f9340fb8,0x00000000f9380000)
  from space 54272K, 12% used [0x00000000fc700000,0x00000000fcd634a8,0x00000000ffc00000)
  to   space 52736K, 0% used [0x00000000f9380000,0x00000000f9380000,0x00000000fc700000)
 ParOldGen       total 187904K, used 57631K [0x00000000a0000000, 0x00000000ab780000, 0x00000000e0000000)
  object space 187904K, 30% used [0x00000000a0000000,0x00000000a3847f40,0x00000000ab780000)
 Metaspace       used 94409K, capacity 99008K, committed 99712K, reserved 1136640K
  class space    used 11771K, capacity 12703K, committed 12928K, reserved 1048576K
Event: 4748.407 GC heap after
Heap after GC invocations=37 (full 4):
 PSYoungGen      total 465920K, used 3729K [0x00000000e0000000, 0x00000000ffb80000, 0x0000000100000000)
  eden space 413184K, 0% used [0x00000000e0000000,0x00000000e0000000,0x00000000f9380000)
  from space 52736K, 7% used [0x00000000f9380000,0x00000000f9724628,0x00000000fc700000)
  to   space 51200K, 0% used [0x00000000fc980000,0x00000000fc980000,0x00000000ffb80000)
 ParOldGen       total 187904K, used 62126K [0x00000000a0000000, 0x00000000ab780000, 0x00000000e0000000)
  object space 187904K, 33% used [0x00000000a0000000,0x00000000a3cab9d8,0x00000000ab780000)
 Metaspace       used 94409K, capacity 99008K, committed 99712K, reserved 1136640K
  class space    used 11771K, capacity 12703K, committed 12928K, reserved 1048576K
}

Deoptimization events (10 events):
Event: 4748.094 Thread 0x000000001b0e3800 Uncommon trap: reason=array_check action=maybe_recompile pc=0x00000000060c7e40 method=java.util.TimSort.mergeLo(IIII)V @ 212
Event: 4748.096 Thread 0x000000001b0e3800 Uncommon trap: reason=array_check action=maybe_recompile pc=0x000000000488647c method=java.util.TimSort.mergeHi(IIII)V @ 419
Event: 4748.593 Thread 0x000000001fb78000 Uncommon trap: reason=array_check action=maybe_recompile pc=0x0000000005177038 method=java.util.TimSort.mergeLo(IIII)V @ 133
Event: 4748.704 Thread 0x000000001fb7a800 Uncommon trap: reason=array_check action=maybe_recompile pc=0x0000000005176ba4 method=java.util.TimSort.mergeLo(IIII)V @ 245
Event: 4748.841 Thread 0x000000001fb7b000 Uncommon trap: reason=array_check action=maybe_recompile pc=0x0000000005176ba4 method=java.util.TimSort.mergeLo(IIII)V @ 245
Event: 4748.988 Thread 0x000000001b4f1000 Uncommon trap: reason=class_check action=maybe_recompile pc=0x0000000005b69e58 method=java.util.stream.MatchOps$MatchOp.evaluateSequential(Ljava/util/stream/PipelineHelper;Ljava/util/Spliterator;)Ljava/lang/Boolean; @ 14
Event: 4748.988 Thread 0x000000001b4f1000 Uncommon trap: reason=bimorphic action=maybe_recompile pc=0x00000000060a11d8 method=java.util.stream.AbstractPipeline.copyIntoWithCancel(Ljava/util/stream/Sink;Ljava/util/Spliterator;)V @ 24
Event: 4750.985 Thread 0x000000001b4f1000 Uncommon trap: reason=bimorphic action=maybe_recompile pc=0x0000000005d4c24c method=java.util.Collection.removeIf(Ljava/util/function/Predicate;)Z @ 30
Event: 4784.352 Thread 0x000000001ab11000 Uncommon trap: reason=array_check action=maybe_recompile pc=0x000000000560e204 method=com.google.common.collect.SingletonImmutableList.copyIntoArray([Ljava/lang/Object;I)I @ 6
Event: 4784.354 Thread 0x000000001ab11000 Uncommon trap: reason=array_check action=maybe_recompile pc=0x000000000560e204 method=com.google.common.collect.SingletonImmutableList.copyIntoArray([Ljava/lang/Object;I)I @ 6

Classes redefined (0 events):
No events

Internal exceptions (10 events):
Event: 4748.594 Thread 0x000000001fb78000 Exception <a 'sun/nio/fs/WindowsException'> (0x00000000e2499528) thrown at [D:\src\AOSP-openjdk-cygwin\jdk8u\hotspot\src\share\vm\prims\jni.cpp, line 709]
Event: 4748.629 Thread 0x000000001fb72800 Exception <a 'sun/nio/fs/WindowsException'> (0x00000000e1f90110) thrown at [D:\src\AOSP-openjdk-cygwin\jdk8u\hotspot\src\share\vm\prims\jni.cpp, line 709]
Event: 4748.632 Thread 0x000000001fb79800 Exception <a 'sun/nio/fs/WindowsException'> (0x00000000e2e0f1b0) thrown at [D:\src\AOSP-openjdk-cygwin\jdk8u\hotspot\src\share\vm\prims\jni.cpp, line 709]
Event: 4748.636 Thread 0x000000001fb79000 Exception <a 'sun/nio/fs/WindowsException'> (0x00000000e2ed6a50) thrown at [D:\src\AOSP-openjdk-cygwin\jdk8u\hotspot\src\share\vm\prims\jni.cpp, line 709]
Event: 4748.637 Thread 0x000000001fb74000 Exception <a 'sun/nio/fs/WindowsException'> (0x00000000e2f7e758) thrown at [D:\src\AOSP-openjdk-cygwin\jdk8u\hotspot\src\share\vm\prims\jni.cpp, line 709]
Event: 4748.653 Thread 0x000000001ab18800 Exception <a 'sun/nio/fs/WindowsException'> (0x00000000e159a0d8) thrown at [D:\src\AOSP-openjdk-cygwin\jdk8u\hotspot\src\share\vm\prims\jni.cpp, line 709]
Event: 4748.699 Thread 0x000000001fb7c000 Exception <a 'sun/nio/fs/WindowsException'> (0x00000000e333a050) thrown at [D:\src\AOSP-openjdk-cygwin\jdk8u\hotspot\src\share\vm\prims\jni.cpp, line 709]
Event: 4748.707 Thread 0x000000001fb7a800 Exception <a 'sun/nio/fs/WindowsException'> (0x00000000e35e2ce8) thrown at [D:\src\AOSP-openjdk-cygwin\jdk8u\hotspot\src\share\vm\prims\jni.cpp, line 709]
Event: 4748.915 Thread 0x000000001fb7b000 Exception <a 'sun/nio/fs/WindowsException'> (0x00000000e6281820) thrown at [D:\src\AOSP-openjdk-cygwin\jdk8u\hotspot\src\share\vm\prims\jni.cpp, line 709]
Event: 4784.505 Thread 0x000000001ab11000 Exception <a 'sun/nio/fs/WindowsException'> (0x00000000eeeb0e30) thrown at [D:\src\AOSP-openjdk-cygwin\jdk8u\hotspot\src\share\vm\prims\jni.cpp, line 709]

Events (10 events):
Event: 4785.497 Executing VM operation: RevokeBias
Event: 4785.498 Executing VM operation: RevokeBias done
Event: 4785.641 Executing VM operation: RevokeBias
Event: 4785.641 Executing VM operation: RevokeBias done
Event: 4785.641 Executing VM operation: RevokeBias
Event: 4785.641 Executing VM operation: RevokeBias done
Event: 4785.641 Executing VM operation: RevokeBias
Event: 4785.641 Executing VM operation: RevokeBias done
Event: 4785.641 Executing VM operation: RevokeBias
Event: 4785.641 Executing VM operation: RevokeBias done


Dynamic libraries:
0x00007ff76cfd0000 - 0x00007ff76d001000 	C:\Program Files\Android\Android Studio\jre\bin\java.exe
0x00007ffc60cd0000 - 0x00007ffc60eb1000 	C:\WINDOWS\SYSTEM32\ntdll.dll
0x00007ffc5eac0000 - 0x00007ffc5eb72000 	C:\WINDOWS\System32\KERNEL32.DLL
0x00007ffc5dc10000 - 0x00007ffc5de83000 	C:\WINDOWS\System32\KERNELBASE.dll
0x00007ffc609b0000 - 0x00007ffc60a51000 	C:\WINDOWS\System32\ADVAPI32.dll
0x00007ffc60a60000 - 0x00007ffc60afe000 	C:\WINDOWS\System32\msvcrt.dll
0x00007ffc60910000 - 0x00007ffc6096b000 	C:\WINDOWS\System32\sechost.dll
0x00007ffc5ed80000 - 0x00007ffc5eea4000 	C:\WINDOWS\System32\RPCRT4.dll
0x00007ffc5eb80000 - 0x00007ffc5ed10000 	C:\WINDOWS\System32\USER32.dll
0x00007ffc5d0a0000 - 0x00007ffc5d0c0000 	C:\WINDOWS\System32\win32u.dll
0x00007ffc60970000 - 0x00007ffc60998000 	C:\WINDOWS\System32\GDI32.dll
0x00007ffc5dfc0000 - 0x00007ffc5e152000 	C:\WINDOWS\System32\gdi32full.dll
0x00007ffc5d210000 - 0x00007ffc5d2af000 	C:\WINDOWS\System32\msvcp_win.dll
0x00007ffc5d110000 - 0x00007ffc5d20a000 	C:\WINDOWS\System32\ucrtbase.dll
0x00007ffc4bf10000 - 0x00007ffc4c179000 	C:\WINDOWS\WinSxS\amd64_microsoft.windows.common-controls_6595b64144ccf1df_6.0.17134.48_none_b4b2216a3cb4dd3e\COMCTL32.dll
0x00007ffc5eeb0000 - 0x00007ffc5f1d3000 	C:\WINDOWS\System32\combase.dll
0x00007ffc5de90000 - 0x00007ffc5df0a000 	C:\WINDOWS\System32\bcryptPrimitives.dll
0x00007ffc5e910000 - 0x00007ffc5e93d000 	C:\WINDOWS\System32\IMM32.DLL
0x0000000052170000 - 0x0000000052242000 	C:\Program Files\Android\Android Studio\jre\jre\bin\msvcr100.dll
0x00000000515b0000 - 0x0000000051def000 	C:\Program Files\Android\Android Studio\jre\jre\bin\server\jvm.dll
0x00007ffc5e3f0000 - 0x00007ffc5e3f8000 	C:\WINDOWS\System32\PSAPI.DLL
0x00007ffc50fb0000 - 0x00007ffc50fb9000 	C:\WINDOWS\SYSTEM32\WSOCK32.dll
0x00007ffc59bd0000 - 0x00007ffc59bf3000 	C:\WINDOWS\SYSTEM32\WINMM.dll
0x00007ffc58560000 - 0x00007ffc5856a000 	C:\WINDOWS\SYSTEM32\VERSION.dll
0x00007ffc5ed10000 - 0x00007ffc5ed7c000 	C:\WINDOWS\System32\WS2_32.dll
0x00007ffc59a90000 - 0x00007ffc59aba000 	C:\WINDOWS\SYSTEM32\winmmbase.dll
0x00007ffc5d0c0000 - 0x00007ffc5d109000 	C:\WINDOWS\System32\cfgmgr32.dll
0x00007ffc58310000 - 0x00007ffc5831f000 	C:\Program Files\Android\Android Studio\jre\jre\bin\verify.dll
0x00007ffc56e20000 - 0x00007ffc56e49000 	C:\Program Files\Android\Android Studio\jre\jre\bin\java.dll
0x00007ffc582f0000 - 0x00007ffc58306000 	C:\Program Files\Android\Android Studio\jre\jre\bin\zip.dll
0x00007ffc5f470000 - 0x00007ffc608b0000 	C:\WINDOWS\System32\SHELL32.dll
0x00007ffc5e940000 - 0x00007ffc5e9e9000 	C:\WINDOWS\System32\shcore.dll
0x00007ffc5d500000 - 0x00007ffc5dc0d000 	C:\WINDOWS\System32\windows.storage.dll
0x00007ffc5e400000 - 0x00007ffc5e451000 	C:\WINDOWS\System32\shlwapi.dll
0x00007ffc5d010000 - 0x00007ffc5d021000 	C:\WINDOWS\System32\kernel.appcore.dll
0x00007ffc5cff0000 - 0x00007ffc5d00f000 	C:\WINDOWS\System32\profapi.dll
0x00007ffc5d050000 - 0x00007ffc5d09c000 	C:\WINDOWS\System32\powrprof.dll
0x00007ffc5cfe0000 - 0x00007ffc5cfea000 	C:\WINDOWS\System32\FLTLIB.DLL
0x00007ffc56e00000 - 0x00007ffc56e1a000 	C:\Program Files\Android\Android Studio\jre\jre\bin\net.dll
0x00007ffc5c860000 - 0x00007ffc5c8c6000 	C:\WINDOWS\system32\mswsock.dll
0x00007ffc56de0000 - 0x00007ffc56df1000 	C:\Program Files\Android\Android Studio\jre\jre\bin\nio.dll
0x00007ffc59b10000 - 0x00007ffc59b2e000 	C:\Users\Konstantinos\.gradle\native\25\windows-amd64\native-platform.dll
0x00007ffc56d10000 - 0x00007ffc56d1d000 	C:\Program Files\Android\Android Studio\jre\jre\bin\management.dll
0x00007ffc5ca20000 - 0x00007ffc5ca37000 	C:\WINDOWS\SYSTEM32\CRYPTSP.dll
0x00007ffc5c3e0000 - 0x00007ffc5c413000 	C:\WINDOWS\system32\rsaenh.dll
0x00007ffc5cb40000 - 0x00007ffc5cb65000 	C:\WINDOWS\SYSTEM32\bcrypt.dll
0x00007ffc5cee0000 - 0x00007ffc5cf08000 	C:\WINDOWS\SYSTEM32\USERENV.dll
0x00007ffc5ca10000 - 0x00007ffc5ca1b000 	C:\WINDOWS\SYSTEM32\CRYPTBASE.dll
0x00007ffc5c580000 - 0x00007ffc5c5b8000 	C:\WINDOWS\SYSTEM32\IPHLPAPI.DLL
0x00007ffc5e160000 - 0x00007ffc5e168000 	C:\WINDOWS\System32\NSI.dll
0x00007ffc57900000 - 0x00007ffc57916000 	C:\WINDOWS\SYSTEM32\dhcpcsvc6.DLL
0x00007ffc57d50000 - 0x00007ffc57d6a000 	C:\WINDOWS\SYSTEM32\dhcpcsvc.DLL
0x00007ffc48ca0000 - 0x00007ffc48cc4000 	C:\Program Files\Android\Android Studio\jre\jre\bin\sunec.dll
0x00007ffc5c5c0000 - 0x00007ffc5c67e000 	C:\WINDOWS\SYSTEM32\DNSAPI.dll
0x00007ffc4e560000 - 0x00007ffc4e56a000 	C:\Windows\System32\rasadhlp.dll
0x00007ffc536b0000 - 0x00007ffc53722000 	C:\WINDOWS\System32\fwpuclnt.dll
0x00007ffc56cd0000 - 0x00007ffc56cdb000 	C:\Program Files\Android\Android Studio\jre\jre\bin\sunmscapi.dll
0x00007ffc5d310000 - 0x00007ffc5d4f2000 	C:\WINDOWS\System32\CRYPT32.dll
0x00007ffc5d030000 - 0x00007ffc5d042000 	C:\WINDOWS\System32\MSASN1.dll
0x00007ffc3a6f0000 - 0x00007ffc3a886000 	C:\Program Files\Android\Android Studio\jre\jre\bin\awt.dll
0x00007ffc5e9f0000 - 0x00007ffc5eab2000 	C:\WINDOWS\System32\OLEAUT32.dll
0x00007ffc59d80000 - 0x00007ffc5a347000 	C:\WINDOWS\SYSTEM32\d2d1.dll
0x00007ffc5b2c0000 - 0x00007ffc5b34b000 	C:\WINDOWS\SYSTEM32\apphelp.dll
0x00007ffc5b6a0000 - 0x00007ffc5b6c9000 	C:\WINDOWS\system32\DWMAPI.DLL
0x00007ffc5b5c0000 - 0x00007ffc5b658000 	C:\WINDOWS\system32\uxtheme.dll
0x00007ffc5c0d0000 - 0x00007ffc5c101000 	C:\WINDOWS\SYSTEM32\ntmarta.dll

VM Arguments:
jvm_args: -Xmx1536m -Dfile.encoding=windows-1253 -Duser.country=US -Duser.language=en -Duser.variant 
java_command: org.gradle.launcher.daemon.bootstrap.GradleDaemon 4.4
java_class_path (initial): C:\Users\Konstantinos\.gradle\wrapper\dists\gradle-4.4-all\9br9xq1tocpiv8o6njlyu5op1\gradle-4.4\lib\gradle-launcher-4.4.jar
Launcher Type: SUN_STANDARD

Environment Variables:
PATH=C:\Program Files (x86)\Common Files\Oracle\Java\javapath;C:\ProgramData\Oracle\Java\javapath;C:\WINDOWS\system32;C:\WINDOWS;C:\WINDOWS\System32\Wbem;C:\WINDOWS\System32\WindowsPowerShell\v1.0\;C:\Program Files (x86)\AMD\ATI.ACE\Core-Static;C:\Program Files (x86)\ATI Technologies\ATI.ACE\Core-Static;C:\Program Files\nodejs\;C:\Program Files (x86)\Skype\Phone\;C:\Program Files\Git\cmd;C:\WINDOWS\System32\OpenSSH\;C:\Program Files (x86)\Microsoft VS Code\bin;C:\Users\Konstantinos\AppData\Local\Microsoft\WindowsApps;C:\Users\Konstantinos\AppData\Roaming\npm;
USERNAME=Konstantinos
OS=Windows_NT
PROCESSOR_IDENTIFIER=Intel64 Family 6 Model 42 Stepping 7, GenuineIntel



---------------  S Y S T E M  ---------------

OS: Windows 10.0 , 64 bit Build 17134 (10.0.17134.1)

CPU:total 4 (initial active 4) (4 cores per cpu, 1 threads per core) family 6 model 42 stepping 7, cmov, cx8, fxsr, mmx, sse, sse2, sse3, ssse3, sse4.1, sse4.2, popcnt, avx, aes, clmul, tsc, tscinvbit

Memory: 4k page, physical 8303724k(2188192k free), swap 8303724k(488k free)

vm_info: OpenJDK 64-Bit Server VM (25.152-b02) for windows-amd64 JRE (1.8.0_152-release-1024-b02), built by "builder" with MS VC++ 10.0 (VS2010)

time: Sun Jun 10 23:00:13 2018
elapsed time: 4786 seconds (0d 1h 19m 46s)

